<?xml version="1.0" encoding="UTF-8"?>
<testng-results ignored="0" total="3" passed="2" failed="1" skipped="0">
  <reporter-output>
  </reporter-output>
  <suite started-at="2024-02-22T15:27:29 IST" name="Default suite" finished-at="2024-02-22T15:28:21 IST" duration-ms="51749">
    <groups>
    </groups>
    <test started-at="2024-02-22T15:27:29 IST" name="Default test" finished-at="2024-02-22T15:28:21 IST" duration-ms="51749">
      <class name="cogmento.Smoke">
        <test-method signature="test(java.lang.String,java.lang.String,java.lang.String,java.lang.String,java.lang.String,java.lang.String,java.lang.String,java.lang.String,java.lang.String,java.lang.String,java.lang.String,java.lang.String,java.lang.String,java.lang.String,java.lang.String,java.lang.String,java.lang.String,java.lang.String,java.lang.String,java.lang.String,java.lang.String,java.lang.String,java.lang.String,java.lang.String,java.lang.String,java.lang.String,java.lang.String,java.lang.String,java.lang.String,java.lang.String,java.lang.String,java.lang.String,java.lang.String)[pri:0, instance:cogmento.Smoke@7722c3c3]" started-at="2024-02-22T15:27:30 IST" name="test" data-provider="getData" finished-at="2024-02-22T15:27:49 IST" duration-ms="18726" status="PASS">
          <params>
            <param index="0">
              <value>
                <![CDATA[soubhagyasm7073@gmail.com ]]>
              </value>
            </param>
            <param index="1">
              <value>
                <![CDATA[Soubhagya]]>
              </value>
            </param>
            <param index="2">
              <value>
                <![CDATA[Manufactureing comapny]]>
              </value>
            </param>
            <param index="3">
              <value>
                <![CDATA[www.dummyProject2]]>
              </value>
            </param>
            <param index="4">
              <value>
                <![CDATA[India]]>
              </value>
            </param>
            <param index="5">
              <value>
                <![CDATA["8415874"]]>
              </value>
            </param>
            <param index="6">
              <value>
                <![CDATA["47854747"]]>
              </value>
            </param>
            <param index="7">
              <value>
                <![CDATA[give Tag]]>
              </value>
            </param>
            <param index="8">
              <value>
                <![CDATA[https://www.linkedin.com/in/soubhagya]]>
              </value>
            </param>
            <param index="9">
              <value>
                <![CDATA[https//]]>
              </value>
            </param>
            <param index="10">
              <value>
                <![CDATA[https//]]>
              </value>
            </param>
            <param index="11">
              <value>
                <![CDATA[https//]]>
              </value>
            </param>
            <param index="12">
              <value>
                <![CDATA[https//]]>
              </value>
            </param>
            <param index="13">
              <value>
                <![CDATA[Twitter]]>
              </value>
            </param>
            <param index="14">
              <value>
                <![CDATA[Instagram]]>
              </value>
            </param>
            <param index="15">
              <value>
                <![CDATA[LinkedIn]]>
              </value>
            </param>
            <param index="16">
              <value>
                <![CDATA[Tictok]]>
              </value>
            </param>
            <param index="17">
              <value>
                <![CDATA[Facebook]]>
              </value>
            </param>
            <param index="18">
              <value>
                <![CDATA["45"]]>
              </value>
            </param>
            <param index="19">
              <value>
                <![CDATA["8000000"]]>
              </value>
            </param>
            <param index="20">
              <value>
                <![CDATA[Active]]>
              </value>
            </param>
            <param index="21">
              <value>
                <![CDATA[My Home]]>
              </value>
            </param>
            <param index="22">
              <value>
                <![CDATA[Vijayapura]]>
              </value>
            </param>
            <param index="23">
              <value>
                <![CDATA[Karnataka]]>
              </value>
            </param>
            <param index="24">
              <value>
                <![CDATA["5861002"]]>
              </value>
            </param>
            <param index="25">
              <value>
                <![CDATA[Home@gmail.com]]>
              </value>
            </param>
            <param index="26">
              <value>
                <![CDATA[This is companies description]]>
              </value>
            </param>
            <param index="27">
              <value>
                <![CDATA[IT]]>
              </value>
            </param>
            <param index="28">
              <value>
                <![CDATA[ABC]]>
              </value>
            </param>
            <param index="29">
              <value>
                <![CDATA[Low]]>
              </value>
            </param>
            <param index="30">
              <value>
                <![CDATA[Client]]>
              </value>
            </param>
            <param index="31">
              <value>
                <![CDATA[XYZ]]>
              </value>
            </param>
            <param index="32">
              <value>
                <![CDATA[f4g5d54f5d4f]]>
              </value>
            </param>
          </params>
          <reporter-output>
          </reporter-output>
        </test-method> <!-- test -->
        <test-method signature="test(java.lang.String,java.lang.String,java.lang.String,java.lang.String,java.lang.String,java.lang.String,java.lang.String,java.lang.String,java.lang.String,java.lang.String,java.lang.String,java.lang.String,java.lang.String,java.lang.String,java.lang.String,java.lang.String,java.lang.String,java.lang.String,java.lang.String,java.lang.String,java.lang.String,java.lang.String,java.lang.String,java.lang.String,java.lang.String,java.lang.String,java.lang.String,java.lang.String,java.lang.String,java.lang.String,java.lang.String,java.lang.String,java.lang.String)[pri:0, instance:cogmento.Smoke@7722c3c3]" started-at="2024-02-22T15:27:49 IST" name="test" data-provider="getData" finished-at="2024-02-22T15:28:05 IST" duration-ms="16165" status="PASS">
          <params>
            <param index="0">
              <value>
                <![CDATA[soubhagyasm7073@gmail.com ]]>
              </value>
            </param>
            <param index="1">
              <value>
                <![CDATA[Soubhagya]]>
              </value>
            </param>
            <param index="2">
              <value>
                <![CDATA[Sales comapny]]>
              </value>
            </param>
            <param index="3">
              <value>
                <![CDATA[www.dummyProject2]]>
              </value>
            </param>
            <param index="4">
              <value>
                <![CDATA[India]]>
              </value>
            </param>
            <param index="5">
              <value>
                <![CDATA["852585425"]]>
              </value>
            </param>
            <param index="6">
              <value>
                <![CDATA["852852"]]>
              </value>
            </param>
            <param index="7">
              <value>
                <![CDATA[give Tag]]>
              </value>
            </param>
            <param index="8">
              <value>
                <![CDATA[https://www.linkedin.com/in/soubhagya]]>
              </value>
            </param>
            <param index="9">
              <value>
                <![CDATA[https//]]>
              </value>
            </param>
            <param index="10">
              <value>
                <![CDATA[https//]]>
              </value>
            </param>
            <param index="11">
              <value>
                <![CDATA[https//]]>
              </value>
            </param>
            <param index="12">
              <value>
                <![CDATA[https//]]>
              </value>
            </param>
            <param index="13">
              <value>
                <![CDATA[Twitter]]>
              </value>
            </param>
            <param index="14">
              <value>
                <![CDATA[Instagram]]>
              </value>
            </param>
            <param index="15">
              <value>
                <![CDATA[LinkedIn]]>
              </value>
            </param>
            <param index="16">
              <value>
                <![CDATA[Tictok]]>
              </value>
            </param>
            <param index="17">
              <value>
                <![CDATA[Facebook]]>
              </value>
            </param>
            <param index="18">
              <value>
                <![CDATA["80"]]>
              </value>
            </param>
            <param index="19">
              <value>
                <![CDATA["50000000"]]>
              </value>
            </param>
            <param index="20">
              <value>
                <![CDATA[Active]]>
              </value>
            </param>
            <param index="21">
              <value>
                <![CDATA[My Home]]>
              </value>
            </param>
            <param index="22">
              <value>
                <![CDATA[Vijayapura]]>
              </value>
            </param>
            <param index="23">
              <value>
                <![CDATA[Karnataka]]>
              </value>
            </param>
            <param index="24">
              <value>
                <![CDATA["5861004"]]>
              </value>
            </param>
            <param index="25">
              <value>
                <![CDATA[Home@gmail.com]]>
              </value>
            </param>
            <param index="26">
              <value>
                <![CDATA[This is companies description]]>
              </value>
            </param>
            <param index="27">
              <value>
                <![CDATA[IT]]>
              </value>
            </param>
            <param index="28">
              <value>
                <![CDATA[ABC]]>
              </value>
            </param>
            <param index="29">
              <value>
                <![CDATA[Low]]>
              </value>
            </param>
            <param index="30">
              <value>
                <![CDATA[Client]]>
              </value>
            </param>
            <param index="31">
              <value>
                <![CDATA[XYZ]]>
              </value>
            </param>
            <param index="32">
              <value>
                <![CDATA[f4g5d54f5d4f]]>
              </value>
            </param>
          </params>
          <reporter-output>
          </reporter-output>
        </test-method> <!-- test -->
        <test-method signature="test(java.lang.String,java.lang.String,java.lang.String,java.lang.String,java.lang.String,java.lang.String,java.lang.String,java.lang.String,java.lang.String,java.lang.String,java.lang.String,java.lang.String,java.lang.String,java.lang.String,java.lang.String,java.lang.String,java.lang.String,java.lang.String,java.lang.String,java.lang.String,java.lang.String,java.lang.String,java.lang.String,java.lang.String,java.lang.String,java.lang.String,java.lang.String,java.lang.String,java.lang.String,java.lang.String,java.lang.String,java.lang.String,java.lang.String)[pri:0, instance:cogmento.Smoke@7722c3c3]" started-at="2024-02-22T15:28:05 IST" name="test" data-provider="getData" finished-at="2024-02-22T15:28:21 IST" duration-ms="16357" status="FAIL">
          <params>
            <param index="0">
              <value>
                <![CDATA[]]>
              </value>
            </param>
            <param index="1">
              <value>
                <![CDATA[]]>
              </value>
            </param>
            <param index="2">
              <value>
                <![CDATA[]]>
              </value>
            </param>
            <param index="3">
              <value>
                <![CDATA[]]>
              </value>
            </param>
            <param index="4">
              <value>
                <![CDATA[]]>
              </value>
            </param>
            <param index="5">
              <value>
                <![CDATA[]]>
              </value>
            </param>
            <param index="6">
              <value>
                <![CDATA[]]>
              </value>
            </param>
            <param index="7">
              <value>
                <![CDATA[]]>
              </value>
            </param>
            <param index="8">
              <value>
                <![CDATA[]]>
              </value>
            </param>
            <param index="9">
              <value>
                <![CDATA[]]>
              </value>
            </param>
            <param index="10">
              <value>
                <![CDATA[]]>
              </value>
            </param>
            <param index="11">
              <value>
                <![CDATA[]]>
              </value>
            </param>
            <param index="12">
              <value>
                <![CDATA[]]>
              </value>
            </param>
            <param index="13">
              <value>
                <![CDATA[]]>
              </value>
            </param>
            <param index="14">
              <value>
                <![CDATA[]]>
              </value>
            </param>
            <param index="15">
              <value>
                <![CDATA[]]>
              </value>
            </param>
            <param index="16">
              <value>
                <![CDATA[]]>
              </value>
            </param>
            <param index="17">
              <value>
                <![CDATA[]]>
              </value>
            </param>
            <param index="18">
              <value>
                <![CDATA[]]>
              </value>
            </param>
            <param index="19">
              <value>
                <![CDATA[]]>
              </value>
            </param>
            <param index="20">
              <value>
                <![CDATA[]]>
              </value>
            </param>
            <param index="21">
              <value>
                <![CDATA[]]>
              </value>
            </param>
            <param index="22">
              <value>
                <![CDATA[]]>
              </value>
            </param>
            <param index="23">
              <value>
                <![CDATA[]]>
              </value>
            </param>
            <param index="24">
              <value>
                <![CDATA[]]>
              </value>
            </param>
            <param index="25">
              <value>
                <![CDATA[]]>
              </value>
            </param>
            <param index="26">
              <value>
                <![CDATA[]]>
              </value>
            </param>
            <param index="27">
              <value>
                <![CDATA[]]>
              </value>
            </param>
            <param index="28">
              <value>
                <![CDATA[]]>
              </value>
            </param>
            <param index="29">
              <value>
                <![CDATA[]]>
              </value>
            </param>
            <param index="30">
              <value>
                <![CDATA[]]>
              </value>
            </param>
            <param index="31">
              <value>
                <![CDATA[]]>
              </value>
            </param>
            <param index="32">
              <value>
                <![CDATA[]]>
              </value>
            </param>
          </params>
          <exception class="org.openqa.selenium.NoSuchElementException">
            <message>
              <![CDATA[Unable to locate element: //a[@href='/home']
For documentation on this error, please visit: https://www.seleniumhq.org/exceptions/no_such_element.html
Build info: version: '3.141.59', revision: 'e82be7d358', time: '2018-11-14T08:17:03'
System info: host: 'LAPTOP-PPUC8LJE', ip: '192.168.109.1', os.name: 'Windows 11', os.arch: 'amd64', os.version: '10.0', java.version: '17.0.9'
Driver info: org.openqa.selenium.firefox.FirefoxDriver
Capabilities {acceptInsecureCerts: true, browserName: firefox, browserVersion: 122.0.1, javascriptEnabled: true, moz:accessibilityChecks: false, moz:buildID: 20240205133611, moz:geckodriverVersion: 0.34.0, moz:headless: false, moz:platformVersion: 10.0, moz:processID: 13804, moz:profile: C:\Users\metri\AppData\Loca..., moz:shutdownTimeout: 60000, moz:webdriverClick: true, moz:windowless: false, pageLoadStrategy: normal, platform: WINDOWS, platformName: WINDOWS, proxy: Proxy(), setWindowRect: true, strictFileInteractability: false, timeouts: {implicit: 0, pageLoad: 300000, script: 30000}, unhandledPromptBehavior: dismiss and notify}
Session ID: 05fddfe6-eb45-4563-bec0-f5359f00c7c9
*** Element info: {Using=xpath, value=//a[@href='/home']}]]>
            </message>
            <full-stacktrace>
              <![CDATA[org.openqa.selenium.NoSuchElementException: Unable to locate element: //a[@href='/home']
For documentation on this error, please visit: https://www.seleniumhq.org/exceptions/no_such_element.html
Build info: version: '3.141.59', revision: 'e82be7d358', time: '2018-11-14T08:17:03'
System info: host: 'LAPTOP-PPUC8LJE', ip: '192.168.109.1', os.name: 'Windows 11', os.arch: 'amd64', os.version: '10.0', java.version: '17.0.9'
Driver info: org.openqa.selenium.firefox.FirefoxDriver
Capabilities {acceptInsecureCerts: true, browserName: firefox, browserVersion: 122.0.1, javascriptEnabled: true, moz:accessibilityChecks: false, moz:buildID: 20240205133611, moz:geckodriverVersion: 0.34.0, moz:headless: false, moz:platformVersion: 10.0, moz:processID: 13804, moz:profile: C:\Users\metri\AppData\Loca..., moz:shutdownTimeout: 60000, moz:webdriverClick: true, moz:windowless: false, pageLoadStrategy: normal, platform: WINDOWS, platformName: WINDOWS, proxy: Proxy(), setWindowRect: true, strictFileInteractability: false, timeouts: {implicit: 0, pageLoad: 300000, script: 30000}, unhandledPromptBehavior: dismiss and notify}
Session ID: 05fddfe6-eb45-4563-bec0-f5359f00c7c9
*** Element info: {Using=xpath, value=//a[@href='/home']}
at java.base/jdk.internal.reflect.NativeConstructorAccessorImpl.newInstance0(Native Method)
at java.base/jdk.internal.reflect.NativeConstructorAccessorImpl.newInstance(NativeConstructorAccessorImpl.java:77)
at java.base/jdk.internal.reflect.DelegatingConstructorAccessorImpl.newInstance(DelegatingConstructorAccessorImpl.java:45)
at java.base/java.lang.reflect.Constructor.newInstanceWithCaller(Constructor.java:499)
at java.base/java.lang.reflect.Constructor.newInstance(Constructor.java:480)
at org.openqa.selenium.remote.http.W3CHttpResponseCodec.createException(W3CHttpResponseCodec.java:187)
at org.openqa.selenium.remote.http.W3CHttpResponseCodec.decode(W3CHttpResponseCodec.java:122)
at org.openqa.selenium.remote.http.W3CHttpResponseCodec.decode(W3CHttpResponseCodec.java:49)
at org.openqa.selenium.remote.HttpCommandExecutor.execute(HttpCommandExecutor.java:158)
at org.openqa.selenium.remote.service.DriverCommandExecutor.execute(DriverCommandExecutor.java:83)
at org.openqa.selenium.remote.RemoteWebDriver.execute(RemoteWebDriver.java:552)
at org.openqa.selenium.remote.RemoteWebDriver.findElement(RemoteWebDriver.java:323)
at org.openqa.selenium.remote.RemoteWebDriver.findElementByXPath(RemoteWebDriver.java:428)
at org.openqa.selenium.By$ByXPath.findElement(By.java:353)
at org.openqa.selenium.remote.RemoteWebDriver.findElement(RemoteWebDriver.java:315)
at cogmento.Smoke.test(Smoke.java:87)
at java.base/jdk.internal.reflect.NativeMethodAccessorImpl.invoke0(Native Method)
at java.base/jdk.internal.reflect.NativeMethodAccessorImpl.invoke(NativeMethodAccessorImpl.java:77)
at java.base/jdk.internal.reflect.DelegatingMethodAccessorImpl.invoke(DelegatingMethodAccessorImpl.java:43)
at java.base/java.lang.reflect.Method.invoke(Method.java:568)
at org.testng.internal.MethodInvocationHelper.invokeMethod(MethodInvocationHelper.java:133)
at org.testng.internal.TestInvoker.invokeMethod(TestInvoker.java:598)
at org.testng.internal.TestInvoker.invokeTestMethod(TestInvoker.java:173)
at org.testng.internal.MethodRunner.runInSequence(MethodRunner.java:46)
at org.testng.internal.TestInvoker$MethodInvocationAgent.invoke(TestInvoker.java:824)
at org.testng.internal.TestInvoker.invokeTestMethods(TestInvoker.java:146)
at org.testng.internal.TestMethodWorker.invokeTestMethods(TestMethodWorker.java:146)
at org.testng.internal.TestMethodWorker.run(TestMethodWorker.java:128)
at java.base/java.util.ArrayList.forEach(ArrayList.java:1511)
at org.testng.TestRunner.privateRun(TestRunner.java:794)
at org.testng.TestRunner.run(TestRunner.java:596)
at org.testng.SuiteRunner.runTest(SuiteRunner.java:377)
at org.testng.SuiteRunner.runSequentially(SuiteRunner.java:371)
at org.testng.SuiteRunner.privateRun(SuiteRunner.java:332)
at org.testng.SuiteRunner.run(SuiteRunner.java:276)
at org.testng.SuiteRunnerWorker.runSuite(SuiteRunnerWorker.java:53)
at org.testng.SuiteRunnerWorker.run(SuiteRunnerWorker.java:96)
at org.testng.TestNG.runSuitesSequentially(TestNG.java:1212)
at org.testng.TestNG.runSuitesLocally(TestNG.java:1134)
at org.testng.TestNG.runSuites(TestNG.java:1063)
at org.testng.TestNG.run(TestNG.java:1031)
at org.testng.remote.AbstractRemoteTestNG.run(AbstractRemoteTestNG.java:115)
at org.testng.remote.RemoteTestNG.initAndRun(RemoteTestNG.java:251)
at org.testng.remote.RemoteTestNG.main(RemoteTestNG.java:77)
]]>
            </full-stacktrace>
          </exception> <!-- org.openqa.selenium.NoSuchElementException -->
          <reporter-output>
          </reporter-output>
        </test-method> <!-- test -->
      </class> <!-- cogmento.Smoke -->
    </test> <!-- Default test -->
  </suite> <!-- Default suite -->
</testng-results>
