<?xml version="1.0" encoding="UTF-8"?>
<testng-results ignored="0" total="1" passed="1" failed="0" skipped="0">
  <reporter-output>
  </reporter-output>
  <suite started-at="2024-02-22T20:22:17 IST" name="Default suite" finished-at="2024-02-22T20:22:34 IST" duration-ms="16613">
    <groups>
    </groups>
    <test started-at="2024-02-22T20:22:17 IST" name="Default test" finished-at="2024-02-22T20:22:34 IST" duration-ms="16613">
      <class name="cogmento.CreateContact">
        <test-method signature="contactCreation()[pri:0, instance:cogmento.CreateContact@1cbbffcd]" started-at="2024-02-22T20:22:17 IST" name="contactCreation" finished-at="2024-02-22T20:22:34 IST" duration-ms="16583" status="PASS">
          <reporter-output>
          </reporter-output>
        </test-method> <!-- contactCreation -->
      </class> <!-- cogmento.CreateContact -->
    </test> <!-- Default test -->
  </suite> <!-- Default suite -->
</testng-results>
